--- Run 2025-09-24 23:50:14.273783 ---
Path: [(0, 0), (1, 0), (2, 0), (3, 0), (4, 0), (4, 1), (4, 2), (4, 3), (4, 4)]
Stats: {'nodes_expanded': 20, 'path_cost': 8}

--- Run 2025-09-24 23:51:19.905532 ---
Path: [(0, 0), (1, 0), (2, 0), (3, 0), (4, 0), (5, 0), (5, 1), (5, 2), (5, 3), (6, 3), (7, 3), (7, 4), (7, 5), (7, 6), (8, 6), (8, 7), (8, 8)]
Stats: {'nodes_expanded': 66, 'path_cost': 16}

--- Run 2025-09-24 23:52:35.871331 ---
Path: [(0, 0), (1, 0), (2, 0), (3, 0), (4, 0), (5, 0), (6, 0), (7, 0), (8, 0), (9, 0), (10, 0), (11, 0), (12, 0), (12, 1), (12, 2), (12, 3), (12, 4), (12, 5), (12, 6), (12, 7), (12, 8), (11, 8), (10, 8), (10, 9), (10, 10)]
Stats: {'nodes_expanded': 139, 'path_cost': 24}

--- Run 2025-09-24 23:54:53.581841 ---
Path: [(0, 0), (0, 1), (0, 2), (1, 2), (2, 2), (2, 3), (2, 4), (3, 4), (4, 4)]
Stats: {'nodes_expanded': 31, 'path_cost': 8}

--- Run 2025-09-24 23:56:43.852538 ---
Path: [(0, 0), (0, 1), (0, 2), (0, 3), (0, 4), (1, 4), (2, 4), (3, 4), (4, 4)]
Stats: {'nodes_expanded': 20, 'path_cost': 8}

--- Run 2025-09-24 23:58:08.225531 ---
Path: [(0, 0), (1, 0), (2, 0), (3, 0), (4, 0), (5, 0), (5, 1), (5, 2), (5, 3), (6, 3), (7, 3), (7, 4), (7, 5), (7, 6), (8, 6), (8, 7), (8, 8)]
Stats: {'nodes_expanded': 66, 'path_cost': 16}

--- Run 2025-09-24 23:58:57.396122 ---
Path: [(0, 0), (0, 1), (0, 2), (0, 3), (0, 4), (0, 5), (0, 6), (1, 6), (2, 6), (3, 6), (4, 6), (5, 6), (6, 6), (7, 6), (8, 6), (9, 6), (10, 6), (11, 6), (12, 6), (12, 7), (12, 8), (11, 8), (10, 8), (10, 9), (10, 10)]
Stats: {'nodes_expanded': 138, 'path_cost': 24}

--- Run 2025-09-25 00:00:07.918645 ---
Path: [(0, 0), (0, 1), (0, 2), (0, 3), (0, 4), (1, 4), (2, 4), (3, 4), (4, 4)]
Stats: {'nodes_expanded': 20, 'path_cost': 8}

--- Run 2025-09-25 00:01:05.565259 ---
Path: [(0, 0), (1, 0), (2, 0), (3, 0), (4, 0), (5, 0), (5, 1), (5, 2), (5, 3), (6, 3), (7, 3), (7, 4), (7, 5), (7, 6), (8, 6), (8, 7), (8, 8)]
Stats: {'nodes_expanded': 45, 'path_cost': 16}

--- Run 2025-09-25 00:02:11.242412 ---
Path: [(0, 0), (0, 1), (0, 2), (0, 3), (0, 4), (0, 5), (0, 6), (1, 6), (2, 6), (3, 6), (4, 6), (5, 6), (6, 6), (7, 6), (8, 6), (9, 6), (10, 6), (11, 6), (12, 6), (12, 7), (12, 8), (11, 8), (10, 8), (10, 9), (10, 10)]
Stats: {'nodes_expanded': 107, 'path_cost': 24}

--- Run 2025-09-25 00:11:06.059999 ---
Path: [(0, 0), (0, 1), (1, 2), (2, 3), (3, 4), (4, 4)]
Stats: {'nodes_expanded': 6, 'path_cost': 5}

--- Run 2025-09-25 00:12:11.944821 ---
Path: [(0, 0), (0, 1), (1, 2), (2, 3), (3, 4), (4, 4)]
Stats: {'nodes_expanded': 6, 'path_cost': 5}

--- Run 2025-09-25 00:13:19.856144 ---
Path: [(0, 0), (0, 1), (1, 2), (2, 2), (3, 3), (3, 4), (2, 5), (3, 6), (4, 7), (5, 8), (6, 8), (7, 9), (8, 8)]
Stats: {'nodes_expanded': 16, 'path_cost': 12}

--- Run 2025-09-25 00:14:19.677126 ---
Path: [(0, 0), (0, 1), (1, 2), (2, 3), (3, 4), (4, 4), (5, 4), (6, 5), (7, 6), (8, 7), (9, 6), (10, 6), (11, 6), (12, 7), (11, 8), (10, 9), (10, 10)]
Stats: {'nodes_expanded': 61, 'path_cost': 16}

--- Run 2025-09-25 00:24:56.644743 ---
Path: [(0, 0), (1, 0), (2, 0), (3, 0), (4, 0), (5, 0), (5, 1), (5, 2), (5, 3), (5, 4), (5, 5)]
Stats: {'nodes_expanded': 42, 'path_cost': 10}

